  zoo.cpp
d:\code\2-sem\zoo\zoo\zoo.cpp(16): warning C4244: аргумент: преобразование "float" в "T", возможна потеря данных
          with
          [
              T=int
          ]
d:\code\2-sem\zoo\zoo\zoo.cpp(30): warning C4244: инициализация: преобразование "float" в "int", возможна потеря данных
d:\code\2-sem\zoo\zoo\zoo.cpp(31): warning C4244: инициализация: преобразование "float" в "int", возможна потеря данных
d:\code\2-sem\zoo\zoo\zoo.cpp(81): warning C4805: ==: небезопасное смешение типа "int" и типа "bool" в операции
d:\code\2-sem\zoo\zoo\zoo.cpp(82): warning C4305: =: усечение из "double" в "float"
d:\code\2-sem\zoo\zoo\zoo.cpp(83): warning C4805: ==: небезопасное смешение типа "int" и типа "bool" в операции
d:\code\2-sem\zoo\zoo\zoo.cpp(93): warning C4244: аргумент: преобразование "float" в "T", возможна потеря данных
          with
          [
              T=int
          ]
d:\code\2-sem\zoo\zoo\zoo.cpp(97): warning C4244: аргумент: преобразование "float" в "T", возможна потеря данных
          with
          [
              T=int
          ]
d:\code\2-sem\zoo\zoo\zoo.cpp(193): warning C4244: инициализация: преобразование "sf::Int64" в "float", возможна потеря данных
d:\code\2-sem\zoo\zoo\zoo.cpp(253): warning C4805: ==: небезопасное смешение типа "int" и типа "bool" в операции
d:\code\2-sem\zoo\zoo\zoo.cpp(258): warning C4805: ==: небезопасное смешение типа "int" и типа "bool" в операции
  zoo.vcxproj -> D:\Code\2-sem\zoo\Debug\zoo.exe
