d:\code\2-sem\subvector_oop\subvector_oop\debug\vc142.pdb
d:\code\2-sem\subvector_oop\subvector_oop\debug\vc142.idb
d:\code\2-sem\subvector_oop\subvector_oop\debug\subvector_oop.obj
d:\code\2-sem\subcontainers_oop\subvector_oop\subvector_oop\debug\vc142.pdb
d:\code\2-sem\subcontainers_oop\subvector_oop\subvector_oop\debug\vc142.idb
d:\code\2-sem\subcontainers_oop\subvector_oop\subvector_oop\debug\subvector_profiler.obj
d:\code\2-sem\subcontainers_oop\subvector_oop\subvector_oop\debug\subvector_oop.obj
d:\code\2-sem\subvector_oop\debug\subvector_oop.exe
d:\code\2-sem\subvector_oop\debug\subvector_oop.ilk
d:\code\2-sem\subvector_oop\debug\subvector_oop.pdb
d:\code\2-sem\subcontainers_oop\subvector_oop\debug\subvector_oop.pdb
d:\code\2-sem\subcontainers_oop\subvector_oop\subvector_oop\debug\subvector_oop.tlog\cl.command.1.tlog
d:\code\2-sem\subcontainers_oop\subvector_oop\subvector_oop\debug\subvector_oop.tlog\cl.read.1.tlog
d:\code\2-sem\subcontainers_oop\subvector_oop\subvector_oop\debug\subvector_oop.tlog\cl.write.1.tlog
d:\code\2-sem\subcontainers_oop\subvector_oop\subvector_oop\debug\subvector_oop.tlog\link-cvtres.read.1.tlog
d:\code\2-sem\subcontainers_oop\subvector_oop\subvector_oop\debug\subvector_oop.tlog\link-cvtres.write.1.tlog
d:\code\2-sem\subcontainers_oop\subvector_oop\subvector_oop\debug\subvector_oop.tlog\link-rc.read.1.tlog
d:\code\2-sem\subcontainers_oop\subvector_oop\subvector_oop\debug\subvector_oop.tlog\link-rc.write.1.tlog
d:\code\2-sem\subcontainers_oop\subvector_oop\subvector_oop\debug\subvector_oop.tlog\link.command.1.tlog
d:\code\2-sem\subcontainers_oop\subvector_oop\subvector_oop\debug\subvector_oop.tlog\link.read.1.tlog
d:\code\2-sem\subcontainers_oop\subvector_oop\subvector_oop\debug\subvector_oop.tlog\link.write.1.tlog
